a:\projects\nes emulator\nes\nes\debug\vc120.pdb
a:\projects\nes emulator\nes\nes\debug\vc120.idb
a:\projects\nes emulator\nes\nes\debug\inputcollector.obj
a:\projects\nes emulator\nes\nes\debug\inputdevice.obj
a:\projects\nes emulator\nes\nes\debug\inputsystem.obj
a:\projects\nes emulator\nes\nes\debug\standardpad.obj
a:\projects\nes emulator\nes\nes\debug\addressspace.obj
a:\projects\nes emulator\nes\nes\debug\datafetching.obj
a:\projects\nes emulator\nes\nes\debug\drawsprites.obj
a:\projects\nes emulator\nes\nes\debug\framesequence.obj
a:\projects\nes emulator\nes\nes\debug\multiplexer.obj
a:\projects\nes emulator\nes\nes\debug\ppu.obj
a:\projects\nes emulator\nes\nes\debug\ppustate.obj
a:\projects\nes emulator\nes\nes\debug\renderer.obj
a:\projects\nes emulator\nes\nes\debug\scanlineroutines.obj
a:\projects\nes emulator\nes\nes\debug\scrollcounterops.obj
a:\projects\nes emulator\nes\nes\debug\spriteevaluation.obj
a:\projects\nes emulator\nes\nes\debug\gdirenderer.obj
a:\projects\nes emulator\nes\nes\debug\maindialog.obj
a:\projects\nes emulator\nes\nes\debug\nes.obj
a:\projects\nes emulator\nes\nes\debug\romloader.obj
a:\projects\nes emulator\nes\nes\debug\win32inputcollector.obj
a:\projects\nes emulator\nes\nes\debug\inesfileformatexception.obj
a:\projects\nes emulator\nes\nes\debug\inesrom.obj
a:\projects\nes emulator\nes\nes\debug\mapper0.obj
a:\projects\nes emulator\nes\nes\debug\mapper1.obj
a:\projects\nes emulator\nes\nes\debug\mapperlist.obj
a:\projects\nes emulator\nes\nes\debug\cpu.obj
a:\projects\nes emulator\nes\nes\debug\addressmodes.obj
a:\projects\nes emulator\nes\nes\debug\invalidopcodeexception.obj
a:\projects\nes emulator\nes\nes\debug\invalidopcodehandler.obj
a:\projects\nes emulator\nes\nes\debug\opcodes.obj
a:\projects\nes emulator\nes\nes\debug\operations_a_to_b.obj
a:\projects\nes emulator\nes\nes\debug\operations_c_to_i.obj
a:\projects\nes emulator\nes\nes\debug\operations_undoc_a_to_l.obj
a:\projects\nes emulator\nes\nes\debug\operations_j_to_p.obj
a:\projects\nes emulator\nes\nes\debug\operations_r_to_t.obj
a:\projects\nes emulator\nes\nes\debug\cpureadwritelistener.obj
a:\projects\nes emulator\nes\nes\debug\cpustate.obj
a:\projects\nes emulator\nes\nes\debug\operations_undoc_m_to_z.obj
a:\projects\nes emulator\nes\nes\debug\emu.obj
a:\projects\nes emulator\nes\nes\debug\control.obj
a:\projects\nes emulator\nes\nes\debug\apu.obj
a:\projects\nes emulator\nes\nes\debug\audiochannel.obj
a:\projects\nes emulator\nes\nes\debug\dmchannel.obj
a:\projects\nes emulator\nes\nes\debug\noisechannel.obj
a:\projects\nes emulator\nes\nes\debug\squarewavegenerator.obj
a:\projects\nes emulator\nes\nes\debug\trianglewavegenerator.obj
a:\projects\nes emulator\nes\nes\debug\cartmapper.obj
a:\projects\nes emulator\nes\nes\debug\soundplayer.obj
a:\projects\nes emulator\nes\nes\debug\framesequencer.obj
a:\projects\nes emulator\nes\nes\debug\waveoutsoundplayer.obj
a:\projects\nes emulator\nes\debug\nes.ilk
a:\projects\nes emulator\nes\debug\nes.exe
a:\projects\nes emulator\nes\debug\nes.pdb
a:\projects\nes emulator\nes\nes\debug\nes.res
a:\projects\nes emulator\nes\nes\debug\nes.tlog\cl.command.1.tlog
a:\projects\nes emulator\nes\nes\debug\nes.tlog\cl.read.1.tlog
a:\projects\nes emulator\nes\nes\debug\nes.tlog\cl.write.1.tlog
a:\projects\nes emulator\nes\nes\debug\nes.tlog\link.command.1.tlog
a:\projects\nes emulator\nes\nes\debug\nes.tlog\link.read.1.tlog
a:\projects\nes emulator\nes\nes\debug\nes.tlog\link.write.1.tlog
a:\projects\nes emulator\nes\nes\debug\nes.tlog\rc.command.1.tlog
a:\projects\nes emulator\nes\nes\debug\nes.tlog\rc.read.1.tlog
a:\projects\nes emulator\nes\nes\debug\nes.tlog\rc.write.1.tlog
